{
"/Users/gt/Epic/Part 2/src/integerToString.js":{"path":"/Users/gt/Epic/Part 2/src/integerToString.js","s":{"1":1,"2":1,"3":60,"4":1,"5":32,"6":32,"7":3,"8":29,"9":1,"10":28,"11":6,"12":22,"13":22,"14":1},"b":{"1":[60,56],"2":[3,29],"3":[1,28],"4":[6,22],"5":[28,25,23],"6":[16,6]},"f":{"1":60,"2":32},"fnMap":{"1":{"name":"isInt","line":11,"loc":{"start":{"line":11,"column":0},"end":{"line":11,"column":20}}},"2":{"name":"integerToString","line":22,"loc":{"start":{"line":22,"column":0},"end":{"line":22,"column":44}}}},"statementMap":{"1":{"start":{"line":4,"column":0},"end":{"line":4,"column":63}},"2":{"start":{"line":11,"column":0},"end":{"line":13,"column":1}},"3":{"start":{"line":12,"column":4},"end":{"line":12,"column":52}},"4":{"start":{"line":22,"column":0},"end":{"line":42,"column":1}},"5":{"start":{"line":23,"column":4},"end":{"line":23,"column":12}},"6":{"start":{"line":25,"column":4},"end":{"line":28,"column":5}},"7":{"start":{"line":27,"column":8},"end":{"line":27,"column":47}},"8":{"start":{"line":30,"column":4},"end":{"line":33,"column":5}},"9":{"start":{"line":32,"column":8},"end":{"line":32,"column":50}},"10":{"start":{"line":35,"column":4},"end":{"line":38,"column":5}},"11":{"start":{"line":37,"column":8},"end":{"line":37,"column":69}},"12":{"start":{"line":40,"column":4},"end":{"line":40,"column":41}},"13":{"start":{"line":41,"column":4},"end":{"line":41,"column":93}},"14":{"start":{"line":44,"column":0},"end":{"line":44,"column":33}}},"branchMap":{"1":{"line":12,"type":"binary-expr","locations":[{"start":{"line":12,"column":12},"end":{"line":12,"column":31}},{"start":{"line":12,"column":37},"end":{"line":12,"column":50}}]},"2":{"line":25,"type":"if","locations":[{"start":{"line":25,"column":4},"end":{"line":25,"column":4}},{"start":{"line":25,"column":4},"end":{"line":25,"column":4}}]},"3":{"line":30,"type":"if","locations":[{"start":{"line":30,"column":4},"end":{"line":30,"column":4}},{"start":{"line":30,"column":4},"end":{"line":30,"column":4}}]},"4":{"line":35,"type":"if","locations":[{"start":{"line":35,"column":4},"end":{"line":35,"column":4}},{"start":{"line":35,"column":4},"end":{"line":35,"column":4}}]},"5":{"line":35,"type":"binary-expr","locations":[{"start":{"line":35,"column":8},"end":{"line":35,"column":26}},{"start":{"line":35,"column":30},"end":{"line":35,"column":44}},{"start":{"line":35,"column":48},"end":{"line":35,"column":75}}]},"6":{"line":41,"type":"cond-expr","locations":[{"start":{"line":41,"column":24},"end":{"line":41,"column":56}},{"start":{"line":41,"column":59},"end":{"line":41,"column":61}}]}},"l":{"4":1,"11":1,"12":60,"22":1,"23":32,"25":32,"27":3,"30":29,"32":1,"35":28,"37":6,"40":22,"41":22,"44":1}}}
