{
"/Users/gt/Epic/Part 3/src/clockwiseMatrix.js":{"path":"/Users/gt/Epic/Part 3/src/clockwiseMatrix.js","s":{"1":1,"2":32,"3":32,"4":13,"5":19,"6":19,"7":18,"8":17,"9":19,"10":19,"11":19,"12":19,"13":7,"14":6,"15":19,"16":19,"17":1},"b":{"1":[32,13],"2":[13,19],"3":[17,1],"4":[19,8],"5":[6,1]},"f":{"1":32,"2":18,"3":7},"fnMap":{"1":{"name":"clockwiseMatrix","line":9,"loc":{"start":{"line":9,"column":0},"end":{"line":9,"column":38}}},"2":{"name":"(anonymous_2)","line":21,"loc":{"start":{"line":21,"column":19},"end":{"line":21,"column":34}}},"3":{"name":"(anonymous_3)","line":33,"loc":{"start":{"line":33,"column":19},"end":{"line":33,"column":34}}}},"statementMap":{"1":{"start":{"line":9,"column":0},"end":{"line":41,"column":1}},"2":{"start":{"line":10,"column":4},"end":{"line":10,"column":20}},"3":{"start":{"line":13,"column":4},"end":{"line":15,"column":5}},"4":{"start":{"line":14,"column":8},"end":{"line":14,"column":19}},"5":{"start":{"line":18,"column":4},"end":{"line":18,"column":37}},"6":{"start":{"line":21,"column":4},"end":{"line":25,"column":7}},"7":{"start":{"line":22,"column":8},"end":{"line":24,"column":9}},"8":{"start":{"line":23,"column":12},"end":{"line":23,"column":32}},"9":{"start":{"line":28,"column":4},"end":{"line":28,"column":37}},"10":{"start":{"line":29,"column":4},"end":{"line":29,"column":40}},"11":{"start":{"line":32,"column":4},"end":{"line":32,"column":18}},"12":{"start":{"line":33,"column":4},"end":{"line":37,"column":7}},"13":{"start":{"line":34,"column":8},"end":{"line":36,"column":9}},"14":{"start":{"line":35,"column":12},"end":{"line":35,"column":35}},"15":{"start":{"line":38,"column":4},"end":{"line":38,"column":37}},"16":{"start":{"line":40,"column":4},"end":{"line":40,"column":40}},"17":{"start":{"line":43,"column":0},"end":{"line":43,"column":33}}},"branchMap":{"1":{"line":10,"type":"binary-expr","locations":[{"start":{"line":10,"column":10},"end":{"line":10,"column":13}},{"start":{"line":10,"column":17},"end":{"line":10,"column":19}}]},"2":{"line":13,"type":"if","locations":[{"start":{"line":13,"column":4},"end":{"line":13,"column":4}},{"start":{"line":13,"column":4},"end":{"line":13,"column":4}}]},"3":{"line":22,"type":"if","locations":[{"start":{"line":22,"column":8},"end":{"line":22,"column":8}},{"start":{"line":22,"column":8},"end":{"line":22,"column":8}}]},"4":{"line":28,"type":"binary-expr","locations":[{"start":{"line":28,"column":18},"end":{"line":28,"column":30}},{"start":{"line":28,"column":34},"end":{"line":28,"column":36}}]},"5":{"line":34,"type":"if","locations":[{"start":{"line":34,"column":8},"end":{"line":34,"column":8}},{"start":{"line":34,"column":8},"end":{"line":34,"column":8}}]}},"l":{"9":1,"10":32,"13":32,"14":13,"18":19,"21":19,"22":18,"23":17,"28":19,"29":19,"32":19,"33":19,"34":7,"35":6,"38":19,"40":19,"43":1}},
"/Users/gt/Epic/Part 3/src/parseMatrix.js":{"path":"/Users/gt/Epic/Part 3/src/parseMatrix.js","s":{"1":1,"2":3,"3":3,"4":4,"5":4,"6":3,"7":3,"8":1},"b":{"1":[3,1],"2":[4,3]},"f":{"1":3,"2":4},"fnMap":{"1":{"name":"parseMatrix","line":12,"loc":{"start":{"line":12,"column":0},"end":{"line":12,"column":35}}},"2":{"name":"(anonymous_2)","line":15,"loc":{"start":{"line":15,"column":17},"end":{"line":15,"column":32}}}},"statementMap":{"1":{"start":{"line":12,"column":0},"end":{"line":22,"column":1}},"2":{"start":{"line":13,"column":4},"end":{"line":14,"column":20}},"3":{"start":{"line":15,"column":4},"end":{"line":20,"column":7}},"4":{"start":{"line":16,"column":8},"end":{"line":16,"column":39}},"5":{"start":{"line":17,"column":8},"end":{"line":19,"column":9}},"6":{"start":{"line":18,"column":12},"end":{"line":18,"column":49}},"7":{"start":{"line":21,"column":4},"end":{"line":21,"column":18}},"8":{"start":{"line":24,"column":0},"end":{"line":24,"column":29}}},"branchMap":{"1":{"line":17,"type":"if","locations":[{"start":{"line":17,"column":8},"end":{"line":17,"column":8}},{"start":{"line":17,"column":8},"end":{"line":17,"column":8}}]},"2":{"line":17,"type":"binary-expr","locations":[{"start":{"line":17,"column":12},"end":{"line":17,"column":15}},{"start":{"line":17,"column":19},"end":{"line":17,"column":25}}]}},"l":{"12":1,"13":3,"15":3,"16":4,"17":4,"18":3,"21":3,"24":1}}}
