TN:
SF:/Users/gt/Epic/Part 3/src/clockwiseMatrix.js
FN:9,clockwiseMatrix
FN:21,(anonymous_2)
FN:33,(anonymous_3)
FNF:3
FNH:3
FNDA:32,clockwiseMatrix
FNDA:18,(anonymous_2)
FNDA:7,(anonymous_3)
DA:9,1
DA:10,32
DA:13,32
DA:14,13
DA:18,19
DA:21,19
DA:22,18
DA:23,17
DA:28,19
DA:29,19
DA:32,19
DA:33,19
DA:34,7
DA:35,6
DA:38,19
DA:40,19
DA:43,1
LF:17
LH:17
BRDA:10,1,0,32
BRDA:10,1,1,13
BRDA:13,2,0,13
BRDA:13,2,1,19
BRDA:22,3,0,17
BRDA:22,3,1,1
BRDA:28,4,0,19
BRDA:28,4,1,8
BRDA:34,5,0,6
BRDA:34,5,1,1
BRF:10
BRH:10
end_of_record
TN:
SF:/Users/gt/Epic/Part 3/src/parseMatrix.js
FN:12,parseMatrix
FN:15,(anonymous_2)
FNF:2
FNH:2
FNDA:3,parseMatrix
FNDA:4,(anonymous_2)
DA:12,1
DA:13,3
DA:15,3
DA:16,4
DA:17,4
DA:18,3
DA:21,3
DA:24,1
LF:8
LH:8
BRDA:17,1,0,3
BRDA:17,1,1,1
BRDA:17,2,0,4
BRDA:17,2,1,3
BRF:4
BRH:4
end_of_record
